2025-11-27T15:21:46.682Z - Error fetching leaderboard for scope state BIHAR: Cannot read properties of null (reading 'collection')
2025-11-27T15:21:46.687Z - Error fetching leaderboard for scope district NAWADA: Cannot read properties of null (reading 'collection')
2025-11-27T15:21:46.687Z - Error fetching leaderboard for scope subDistrict Hisua: Cannot read properties of null (reading 'collection')
2025-11-27T15:22:04.181Z - Error fetching leaderboard for scope state BIHAR: 9 FAILED_PRECONDITION: The query requires an index. You can create it here: https://console.firebase.google.com/v1/r/project/ecofarming-23f9f/firestore/indexes?create_composite=Ck5wcm9qZWN0cy9lY29mYXJtaW5nLTIzZjlmL2RhdGFiYXNlcy8oZGVmYXVsdCkvY29sbGVjdGlvbkdyb3Vwcy91c2Vycy9pbmRleGVzL18QARoJCgVzdGF0ZRABGgwKCGVjb1Njb3JlEAIaDAoIX19uYW1lX18QAg
2025-11-27T15:22:04.286Z - Error fetching leaderboard for scope district NAWADA: 9 FAILED_PRECONDITION: The query requires an index. You can create it here: https://console.firebase.google.com/v1/r/project/ecofarming-23f9f/firestore/indexes?create_composite=Ck5wcm9qZWN0cy9lY29mYXJtaW5nLTIzZjlmL2RhdGFiYXNlcy8oZGVmYXVsdCkvY29sbGVjdGlvbkdyb3Vwcy91c2Vycy9pbmRleGVzL18QARoMCghkaXN0cmljdBABGgwKCGVjb1Njb3JlEAIaDAoIX19uYW1lX18QAg
2025-11-27T15:22:04.387Z - Error fetching leaderboard for scope subDistrict Hisua: 9 FAILED_PRECONDITION: The query requires an index. You can create it here: https://console.firebase.google.com/v1/r/project/ecofarming-23f9f/firestore/indexes?create_composite=Ck5wcm9qZWN0cy9lY29mYXJtaW5nLTIzZjlmL2RhdGFiYXNlcy8oZGVmYXVsdCkvY29sbGVjdGlvbkdyb3Vwcy91c2Vycy9pbmRleGVzL18QARoPCgtzdWJEaXN0cmljdBABGgwKCGVjb1Njb3JlEAIaDAoIX19uYW1lX18QAg
2025-11-27T15:22:27.839Z - Error fetching leaderboard for scope state BIHAR: 9 FAILED_PRECONDITION: The query requires an index. You can create it here: https://console.firebase.google.com/v1/r/project/ecofarming-23f9f/firestore/indexes?create_composite=Ck5wcm9qZWN0cy9lY29mYXJtaW5nLTIzZjlmL2RhdGFiYXNlcy8oZGVmYXVsdCkvY29sbGVjdGlvbkdyb3Vwcy91c2Vycy9pbmRleGVzL18QARoJCgVzdGF0ZRABGgwKCGVjb1Njb3JlEAIaDAoIX19uYW1lX18QAg
2025-11-27T15:22:27.943Z - Error fetching leaderboard for scope district NAWADA: 9 FAILED_PRECONDITION: The query requires an index. You can create it here: https://console.firebase.google.com/v1/r/project/ecofarming-23f9f/firestore/indexes?create_composite=Ck5wcm9qZWN0cy9lY29mYXJtaW5nLTIzZjlmL2RhdGFiYXNlcy8oZGVmYXVsdCkvY29sbGVjdGlvbkdyb3Vwcy91c2Vycy9pbmRleGVzL18QARoMCghkaXN0cmljdBABGgwKCGVjb1Njb3JlEAIaDAoIX19uYW1lX18QAg
2025-11-27T15:22:28.074Z - Error fetching leaderboard for scope subDistrict Hisua: 9 FAILED_PRECONDITION: The query requires an index. You can create it here: https://console.firebase.google.com/v1/r/project/ecofarming-23f9f/firestore/indexes?create_composite=Ck5wcm9qZWN0cy9lY29mYXJtaW5nLTIzZjlmL2RhdGFiYXNlcy8oZGVmYXVsdCkvY29sbGVjdGlvbkdyb3Vwcy91c2Vycy9pbmRleGVzL18QARoPCgtzdWJEaXN0cmljdBABGgwKCGVjb1Njb3JlEAIaDAoIX19uYW1lX18QAg
2025-11-27T15:40:37.655Z - Error fetching leaderboard for scope global : fetchLimit is not defined
2025-11-27T15:40:37.668Z - Error fetching leaderboard for scope global : fetchLimit is not defined
2025-11-27T15:40:41.480Z - Error fetching leaderboard for scope global : fetchLimit is not defined
2025-11-27T15:40:41.484Z - Error fetching leaderboard for scope global : fetchLimit is not defined
2025-11-27T15:40:42.853Z - Error fetching leaderboard for scope state BIHAR: fetchLimit is not defined
2025-11-27T15:40:43.904Z - Error fetching leaderboard for scope district BIHAR: fetchLimit is not defined
2025-11-27T15:40:43.909Z - Error fetching leaderboard for scope district Nawada: fetchLimit is not defined
2025-11-27T15:40:44.653Z - Error fetching leaderboard for scope subDistrict Hisua: fetchLimit is not defined
2025-11-27T15:40:44.658Z - Error fetching leaderboard for scope subDistrict Nawada: fetchLimit is not defined
2025-11-27T15:40:45.771Z - Error fetching leaderboard for scope village Hisua: fetchLimit is not defined
2025-11-27T15:40:46.516Z - Error fetching leaderboard for scope crop Brinjal: fetchLimit is not defined
2025-11-27T15:40:47.836Z - Error fetching leaderboard for scope global : fetchLimit is not defined
2025-11-27T15:40:47.841Z - Error fetching leaderboard for scope global Brinjal: fetchLimit is not defined
2025-11-27T15:40:48.836Z - Error fetching leaderboard for scope state BIHAR: fetchLimit is not defined
2025-11-27T15:42:52.326Z - Error fetching leaderboard for scope global : fetchLimit is not defined
2025-11-27T15:42:52.328Z - Error fetching leaderboard for scope global : fetchLimit is not defined
2025-11-27T15:42:54.490Z - Error fetching leaderboard for scope global : fetchLimit is not defined
2025-11-27T15:42:54.497Z - Error fetching leaderboard for scope global : fetchLimit is not defined
2025-11-27T15:42:56.264Z - Error fetching leaderboard for scope state BIHAR: fetchLimit is not defined
2025-11-27T15:42:57.109Z - Error fetching leaderboard for scope district BIHAR: fetchLimit is not defined
2025-11-27T15:42:57.111Z - Error fetching leaderboard for scope district Nawada: fetchLimit is not defined
2025-11-27T15:42:57.769Z - Error fetching leaderboard for scope subDistrict Nawada: fetchLimit is not defined
2025-11-27T15:42:57.774Z - Error fetching leaderboard for scope subDistrict Hisua: fetchLimit is not defined
2025-11-27T15:42:59.170Z - Error fetching leaderboard for scope village Hisua: fetchLimit is not defined
2025-11-27T15:45:36.777Z - Error fetching leaderboard for scope global : fetchLimit is not defined
2025-11-27T15:45:36.779Z - Error fetching leaderboard for scope global : fetchLimit is not defined
2025-11-27T15:45:38.210Z - Error fetching leaderboard for scope state BIHAR: fetchLimit is not defined
2025-11-27T15:46:41.774Z - Error fetching leaderboard for scope global : fetchLimit is not defined
2025-11-27T15:46:41.780Z - Error fetching leaderboard for scope global : fetchLimit is not defined
2025-11-27T15:46:44.983Z - Error fetching leaderboard for scope global : fetchLimit is not defined
2025-11-27T15:46:44.988Z - Error fetching leaderboard for scope global : fetchLimit is not defined
2025-11-27T15:46:45.682Z - Error fetching leaderboard for scope global : fetchLimit is not defined
2025-11-27T15:46:45.687Z - Error fetching leaderboard for scope global : fetchLimit is not defined
2025-11-27T15:46:46.140Z - Error fetching leaderboard for scope global : fetchLimit is not defined
2025-11-27T15:46:46.145Z - Error fetching leaderboard for scope global : fetchLimit is not defined
2025-11-27T15:46:46.384Z - Error fetching leaderboard for scope global : fetchLimit is not defined
2025-11-27T15:46:46.386Z - Error fetching leaderboard for scope global : fetchLimit is not defined
2025-11-27T15:46:47.636Z - Error fetching leaderboard for scope state BIHAR: fetchLimit is not defined
2025-11-27T15:46:48.888Z - Error fetching leaderboard for scope district BIHAR: fetchLimit is not defined
2025-11-27T15:46:48.892Z - Error fetching leaderboard for scope district Nawada: fetchLimit is not defined
2025-11-27T15:46:49.768Z - Error fetching leaderboard for scope subDistrict Hisua: fetchLimit is not defined
2025-11-27T15:46:49.771Z - Error fetching leaderboard for scope subDistrict Nawada: fetchLimit is not defined
2025-11-27T15:46:50.554Z - Error fetching leaderboard for scope village Hisua: fetchLimit is not defined
2025-11-27T15:46:51.168Z - Error fetching leaderboard for scope crop Brinjal: fetchLimit is not defined
2025-11-27T15:49:13.295Z - Error fetching leaderboard for scope village Hisua: 9 FAILED_PRECONDITION: The query requires an index. You can create it here: https://console.firebase.google.com/v1/r/project/ecofarming-23f9f/firestore/indexes?create_composite=Ck5wcm9qZWN0cy9lY29mYXJtaW5nLTIzZjlmL2RhdGFiYXNlcy8oZGVmYXVsdCkvY29sbGVjdGlvbkdyb3Vwcy91c2Vycy9pbmRleGVzL18QARoLCgd2aWxsYWdlEAEaDAoIZWNvU2NvcmUQAhoMCghfX25hbWVfXxAC
2025-11-27T15:49:14.780Z - Error fetching leaderboard for scope crop Brinjal: 9 FAILED_PRECONDITION: The query requires an index. You can create it here: https://console.firebase.google.com/v1/r/project/ecofarming-23f9f/firestore/indexes?create_composite=Ck5wcm9qZWN0cy9lY29mYXJtaW5nLTIzZjlmL2RhdGFiYXNlcy8oZGVmYXVsdCkvY29sbGVjdGlvbkdyb3Vwcy91c2Vycy9pbmRleGVzL18QARoICgRjcm9wEAEaDAoIZWNvU2NvcmUQAhoMCghfX25hbWVfXxAC
2025-11-27T15:49:45.189Z - Error fetching leaderboard for scope village Hisua: 9 FAILED_PRECONDITION: The query requires an index. You can create it here: https://console.firebase.google.com/v1/r/project/ecofarming-23f9f/firestore/indexes?create_composite=Ck5wcm9qZWN0cy9lY29mYXJtaW5nLTIzZjlmL2RhdGFiYXNlcy8oZGVmYXVsdCkvY29sbGVjdGlvbkdyb3Vwcy91c2Vycy9pbmRleGVzL18QARoLCgd2aWxsYWdlEAEaDAoIZWNvU2NvcmUQAhoMCghfX25hbWVfXxAC
2025-11-27T15:49:51.215Z - Error fetching leaderboard for scope village Hisua: 9 FAILED_PRECONDITION: The query requires an index. You can create it here: https://console.firebase.google.com/v1/r/project/ecofarming-23f9f/firestore/indexes?create_composite=Ck5wcm9qZWN0cy9lY29mYXJtaW5nLTIzZjlmL2RhdGFiYXNlcy8oZGVmYXVsdCkvY29sbGVjdGlvbkdyb3Vwcy91c2Vycy9pbmRleGVzL18QARoLCgd2aWxsYWdlEAEaDAoIZWNvU2NvcmUQAhoMCghfX25hbWVfXxAC
2025-11-27T15:57:22.880Z - Error fetching leaderboard for scope village Hisua: 9 FAILED_PRECONDITION: The query requires an index. You can create it here: https://console.firebase.google.com/v1/r/project/ecofarming-23f9f/firestore/indexes?create_composite=Ck5wcm9qZWN0cy9lY29mYXJtaW5nLTIzZjlmL2RhdGFiYXNlcy8oZGVmYXVsdCkvY29sbGVjdGlvbkdyb3Vwcy91c2Vycy9pbmRleGVzL18QARoLCgd2aWxsYWdlEAEaDAoIZWNvU2NvcmUQAhoMCghfX25hbWVfXxAC
2025-11-27T15:57:23.911Z - Error fetching leaderboard for scope crop Brinjal: 9 FAILED_PRECONDITION: The query requires an index. You can create it here: https://console.firebase.google.com/v1/r/project/ecofarming-23f9f/firestore/indexes?create_composite=Ck5wcm9qZWN0cy9lY29mYXJtaW5nLTIzZjlmL2RhdGFiYXNlcy8oZGVmYXVsdCkvY29sbGVjdGlvbkdyb3Vwcy91c2Vycy9pbmRleGVzL18QARoICgRjcm9wEAEaDAoIZWNvU2NvcmUQAhoMCghfX25hbWVfXxAC
2025-11-27T15:59:17.545Z - Error fetching leaderboard for scope village Hisua: 9 FAILED_PRECONDITION: The query requires an index. You can create it here: https://console.firebase.google.com/v1/r/project/ecofarming-23f9f/firestore/indexes?create_composite=Ck5wcm9qZWN0cy9lY29mYXJtaW5nLTIzZjlmL2RhdGFiYXNlcy8oZGVmYXVsdCkvY29sbGVjdGlvbkdyb3Vwcy91c2Vycy9pbmRleGVzL18QARoLCgd2aWxsYWdlEAEaDAoIZWNvU2NvcmUQAhoMCghfX25hbWVfXxAC
2025-11-27T15:59:18.694Z - Error fetching leaderboard for scope crop Brinjal: 9 FAILED_PRECONDITION: The query requires an index. You can create it here: https://console.firebase.google.com/v1/r/project/ecofarming-23f9f/firestore/indexes?create_composite=Ck5wcm9qZWN0cy9lY29mYXJtaW5nLTIzZjlmL2RhdGFiYXNlcy8oZGVmYXVsdCkvY29sbGVjdGlvbkdyb3Vwcy91c2Vycy9pbmRleGVzL18QARoICgRjcm9wEAEaDAoIZWNvU2NvcmUQAhoMCghfX25hbWVfXxAC
2025-11-27T16:22:33.614Z - Error fetching leaderboard for scope village Pune City: 9 FAILED_PRECONDITION: The query requires an index. You can create it here: https://console.firebase.google.com/v1/r/project/ecofarming-23f9f/firestore/indexes?create_composite=Ck5wcm9qZWN0cy9lY29mYXJtaW5nLTIzZjlmL2RhdGFiYXNlcy8oZGVmYXVsdCkvY29sbGVjdGlvbkdyb3Vwcy91c2Vycy9pbmRleGVzL18QARoLCgd2aWxsYWdlEAEaDAoIZWNvU2NvcmUQAhoMCghfX25hbWVfXxAC
