2025-11-27T15:40:37.647Z - GET /api/gamification/leaderboard?scope=global&value=
2025-11-27T15:40:37.658Z - GET /api/gamification/leaderboard?scope=global&value=
2025-11-27T15:40:41.476Z - GET /api/gamification/leaderboard?scope=global&value=
2025-11-27T15:40:41.481Z - GET /api/gamification/leaderboard?scope=global&value=
2025-11-27T15:40:42.848Z - GET /api/gamification/leaderboard?scope=state&value=BIHAR
2025-11-27T15:40:43.901Z - GET /api/gamification/leaderboard?scope=district&value=BIHAR
2025-11-27T15:40:43.907Z - GET /api/gamification/leaderboard?scope=district&value=Nawada
2025-11-27T15:40:44.649Z - GET /api/gamification/leaderboard?scope=subDistrict&value=Hisua
2025-11-27T15:40:44.654Z - GET /api/gamification/leaderboard?scope=subDistrict&value=Nawada
2025-11-27T15:40:45.766Z - GET /api/gamification/leaderboard?scope=village&value=Hisua
2025-11-27T15:40:46.511Z - GET /api/gamification/leaderboard?scope=crop&value=Brinjal
2025-11-27T15:40:47.833Z - GET /api/gamification/leaderboard?scope=global&value=
2025-11-27T15:40:47.838Z - GET /api/gamification/leaderboard?scope=global&value=Brinjal
2025-11-27T15:40:48.833Z - GET /api/gamification/leaderboard?scope=state&value=BIHAR
2025-11-27T15:42:52.323Z - GET /api/gamification/leaderboard?scope=global&value=
2025-11-27T15:42:52.327Z - GET /api/gamification/leaderboard?scope=global&value=
2025-11-27T15:42:54.476Z - GET /api/gamification/leaderboard?scope=global&value=
2025-11-27T15:42:54.494Z - GET /api/gamification/leaderboard?scope=global&value=
2025-11-27T15:42:56.260Z - GET /api/gamification/leaderboard?scope=state&value=BIHAR
2025-11-27T15:42:57.108Z - GET /api/gamification/leaderboard?scope=district&value=BIHAR
2025-11-27T15:42:57.110Z - GET /api/gamification/leaderboard?scope=district&value=Nawada
2025-11-27T15:42:57.765Z - GET /api/gamification/leaderboard?scope=subDistrict&value=Nawada
2025-11-27T15:42:57.771Z - GET /api/gamification/leaderboard?scope=subDistrict&value=Hisua
2025-11-27T15:42:59.166Z - GET /api/gamification/leaderboard?scope=village&value=Hisua
2025-11-27T15:45:36.759Z - GET /api/gamification/leaderboard?scope=global&value=
2025-11-27T15:45:36.778Z - GET /api/gamification/leaderboard?scope=global&value=
2025-11-27T15:45:38.209Z - GET /api/gamification/leaderboard?scope=state&value=BIHAR
2025-11-27T15:46:41.700Z - GET /api/gamification/leaderboard?scope=global&value=
2025-11-27T15:46:41.776Z - GET /api/gamification/leaderboard?scope=global&value=
2025-11-27T15:46:44.978Z - GET /api/gamification/leaderboard?scope=global&value=
2025-11-27T15:46:44.985Z - GET /api/gamification/leaderboard?scope=global&value=
2025-11-27T15:46:45.679Z - GET /api/gamification/leaderboard?scope=global&value=
2025-11-27T15:46:45.684Z - GET /api/gamification/leaderboard?scope=global&value=
2025-11-27T15:46:46.135Z - GET /api/gamification/leaderboard?scope=global&value=
2025-11-27T15:46:46.144Z - GET /api/gamification/leaderboard?scope=global&value=
2025-11-27T15:46:46.382Z - GET /api/gamification/leaderboard?scope=global&value=
2025-11-27T15:46:46.385Z - GET /api/gamification/leaderboard?scope=global&value=
2025-11-27T15:46:47.633Z - GET /api/gamification/leaderboard?scope=state&value=BIHAR
2025-11-27T15:46:48.885Z - GET /api/gamification/leaderboard?scope=district&value=BIHAR
2025-11-27T15:46:48.889Z - GET /api/gamification/leaderboard?scope=district&value=Nawada
2025-11-27T15:46:49.766Z - GET /api/gamification/leaderboard?scope=subDistrict&value=Hisua
2025-11-27T15:46:49.769Z - GET /api/gamification/leaderboard?scope=subDistrict&value=Nawada
2025-11-27T15:46:50.551Z - GET /api/gamification/leaderboard?scope=village&value=Hisua
2025-11-27T15:46:51.167Z - GET /api/gamification/leaderboard?scope=crop&value=Brinjal
2025-11-27T15:49:02.149Z - GET /api/gamification/leaderboard?scope=global&value=Brinjal
2025-11-27T15:49:02.322Z - GET /api/gamification/leaderboard?scope=global&value=
2025-11-27T15:49:04.472Z - GET /api/gamification/leaderboard?scope=state&value=BIHAR
2025-11-27T15:49:07.684Z - GET /api/gamification/leaderboard?scope=district&value=BIHAR
2025-11-27T15:49:07.690Z - GET /api/gamification/leaderboard?scope=district&value=Nawada
2025-11-27T15:49:10.984Z - GET /api/gamification/leaderboard?scope=subDistrict&value=Nawada
2025-11-27T15:49:10.989Z - GET /api/gamification/leaderboard?scope=subDistrict&value=Hisua
2025-11-27T15:49:13.213Z - GET /api/gamification/leaderboard?scope=village&value=Hisua
2025-11-27T15:49:14.706Z - GET /api/gamification/leaderboard?scope=crop&value=Brinjal
2025-11-27T15:49:16.137Z - GET /api/gamification/leaderboard?scope=global&value=Brinjal
2025-11-27T15:49:16.141Z - GET /api/gamification/leaderboard?scope=global&value=
2025-11-27T15:49:21.160Z - GET /api/gamification/badges
2025-11-27T15:49:21.166Z - GET /api/locations/states
2025-11-27T15:49:21.168Z - GET /api/gamification/stats
2025-11-27T15:49:21.170Z - GET /api/locations/states
2025-11-27T15:49:21.238Z - GET /api/gamification/stats
2025-11-27T15:49:21.320Z - GET /api/gamification/badges
2025-11-27T15:49:21.357Z - GET /api/locations/districts/BIHAR
2025-11-27T15:49:21.358Z - GET /api/user/crops
2025-11-27T15:49:21.360Z - GET /api/locations/sub-districts/BIHAR/Nawada
2025-11-27T15:49:21.417Z - GET /api/user/crops
2025-11-27T15:49:21.435Z - GET /api/gamification/stats
2025-11-27T15:49:21.436Z - GET /api/locations/states
2025-11-27T15:49:21.472Z - GET /api/locations/states
2025-11-27T15:49:21.482Z - GET /api/gamification/stats
2025-11-27T15:49:21.485Z - GET /api/gamification/badges
2025-11-27T15:49:21.657Z - GET /api/gamification/badges
2025-11-27T15:49:23.919Z - GET /api/locations/states
2025-11-27T15:49:23.921Z - GET /api/community/feed?filter=all
2025-11-27T15:49:23.923Z - GET /api/locations/states
2025-11-27T15:49:24.049Z - GET /api/community/feed?filter=all
2025-11-27T15:49:25.643Z - GET /api/gamification/leaderboard?scope=global&value=
2025-11-27T15:49:25.708Z - GET /api/gamification/leaderboard?scope=global&value=
2025-11-27T15:49:28.902Z - GET /api/gamification/leaderboard?scope=state&value=BIHAR
2025-11-27T15:49:30.884Z - GET /api/gamification/leaderboard?scope=district&value=BIHAR
2025-11-27T15:49:30.889Z - GET /api/gamification/leaderboard?scope=district&value=Nawada
2025-11-27T15:49:32.783Z - GET /api/gamification/leaderboard?scope=subDistrict&value=Nawada
2025-11-27T15:49:32.788Z - GET /api/gamification/leaderboard?scope=subDistrict&value=Hisua
2025-11-27T15:49:34.775Z - GET /api/gamification/leaderboard?scope=district&value=Nawada
2025-11-27T15:49:34.777Z - GET /api/gamification/leaderboard?scope=district&value=Hisua
2025-11-27T15:49:35.682Z - GET /api/gamification/leaderboard?scope=state&value=BIHAR
2025-11-27T15:49:35.687Z - GET /api/gamification/leaderboard?scope=state&value=Nawada
2025-11-27T15:49:36.933Z - GET /api/gamification/leaderboard?scope=global&value=
2025-11-27T15:49:36.936Z - GET /api/gamification/leaderboard?scope=global&value=BIHAR
2025-11-27T15:49:40.267Z - GET /api/gamification/leaderboard?scope=state&value=BIHAR
2025-11-27T15:49:42.101Z - GET /api/gamification/leaderboard?scope=district&value=BIHAR
2025-11-27T15:49:42.105Z - GET /api/gamification/leaderboard?scope=district&value=Nawada
2025-11-27T15:49:43.733Z - GET /api/gamification/leaderboard?scope=subDistrict&value=Hisua
2025-11-27T15:49:43.737Z - GET /api/gamification/leaderboard?scope=subDistrict&value=Nawada
2025-11-27T15:49:45.143Z - GET /api/gamification/leaderboard?scope=village&value=Hisua
2025-11-27T15:49:46.015Z - GET /api/gamification/leaderboard?scope=subDistrict&value=Hisua
2025-11-27T15:49:51.164Z - GET /api/gamification/leaderboard?scope=village&value=Hisua
2025-11-27T15:49:52.098Z - GET /api/gamification/leaderboard?scope=subDistrict&value=Hisua
2025-11-27T15:51:02.372Z - GET /api/gamification/leaderboard?scope=global&value=Hisua
2025-11-27T15:51:02.378Z - GET /api/gamification/leaderboard?scope=global&value=
2025-11-27T15:57:15.400Z - GET /api/gamification/leaderboard?scope=global&value=
2025-11-27T15:57:16.019Z - GET /api/gamification/leaderboard?scope=global&value=
2025-11-27T15:57:17.182Z - GET /api/gamification/leaderboard?scope=state&value=BIHAR
2025-11-27T15:57:19.018Z - GET /api/gamification/leaderboard?scope=district&value=BIHAR
2025-11-27T15:57:19.023Z - GET /api/gamification/leaderboard?scope=district&value=Nawada
2025-11-27T15:57:20.176Z - GET /api/gamification/leaderboard?scope=subDistrict&value=Nawada
2025-11-27T15:57:20.177Z - GET /api/gamification/leaderboard?scope=subDistrict&value=Hisua
2025-11-27T15:57:22.797Z - GET /api/gamification/leaderboard?scope=village&value=Hisua
2025-11-27T15:57:23.818Z - GET /api/gamification/leaderboard?scope=crop&value=Brinjal
2025-11-27T15:57:25.075Z - GET /api/gamification/leaderboard?scope=global&value=Brinjal
2025-11-27T15:57:25.081Z - GET /api/gamification/leaderboard?scope=global&value=
2025-11-27T15:59:10.025Z - GET /api/gamification/leaderboard?scope=global&value=
2025-11-27T15:59:10.185Z - GET /api/gamification/leaderboard?scope=global&value=
2025-11-27T15:59:11.501Z - GET /api/gamification/leaderboard?scope=state&value=BIHAR
2025-11-27T15:59:14.432Z - GET /api/gamification/leaderboard?scope=district&value=BIHAR
2025-11-27T15:59:14.438Z - GET /api/gamification/leaderboard?scope=district&value=Nawada
2025-11-27T15:59:15.867Z - GET /api/gamification/leaderboard?scope=subDistrict&value=Nawada
2025-11-27T15:59:15.870Z - GET /api/gamification/leaderboard?scope=subDistrict&value=Hisua
2025-11-27T15:59:17.433Z - GET /api/gamification/leaderboard?scope=village&value=Hisua
2025-11-27T15:59:18.596Z - GET /api/gamification/leaderboard?scope=crop&value=Brinjal
2025-11-27T15:59:19.868Z - GET /api/gamification/leaderboard?scope=global&value=
2025-11-27T15:59:19.872Z - GET /api/gamification/leaderboard?scope=global&value=Brinjal
2025-11-27T15:59:21.014Z - GET /api/community/feed?filter=all
2025-11-27T15:59:21.020Z - GET /api/locations/states
2025-11-27T15:59:21.023Z - GET /api/locations/states
2025-11-27T15:59:21.241Z - GET /api/community/feed?filter=all
2025-11-27T15:59:27.083Z - GET /api/community/feed?filter=all&state=BIHAR
2025-11-27T15:59:27.090Z - GET /api/locations/districts/BIHAR
2025-11-27T16:07:32.824Z - GET /api/community/feed?filter=all
2025-11-27T16:07:33.003Z - GET /api/locations/states
2025-11-27T16:07:33.007Z - GET /api/locations/states
2025-11-27T16:07:33.728Z - GET /api/community/feed?filter=all
2025-11-27T16:07:37.130Z - GET /api/community/feed?filter=all&state=BIHAR
2025-11-27T16:07:37.142Z - GET /api/locations/districts/BIHAR
2025-11-27T16:07:44.119Z - GET /api/community/feed?filter=all
2025-11-27T16:07:53.723Z - GET /api/gamification/leaderboard?scope=global&value=
2025-11-27T16:07:53.852Z - GET /api/gamification/leaderboard?scope=global&value=
2025-11-27T16:07:59.848Z - GET /api/community/feed?filter=all
2025-11-27T16:07:59.849Z - GET /api/locations/states
2025-11-27T16:07:59.852Z - GET /api/locations/states
2025-11-27T16:08:00.106Z - GET /api/community/feed?filter=all
2025-11-27T16:08:14.049Z - GET /api/community/feed?filter=all&state=BIHAR
2025-11-27T16:08:14.055Z - GET /api/locations/districts/BIHAR
2025-11-27T16:08:19.703Z - GET /api/community/feed?filter=all&state=BIHAR&district=Nawada
2025-11-27T16:08:19.704Z - GET /api/locations/sub-districts/BIHAR/Nawada
2025-11-27T16:11:13.623Z - GET /api/community/feed?filter=all
2025-11-27T16:11:13.814Z - GET /api/locations/states
2025-11-27T16:11:13.820Z - GET /api/locations/states
2025-11-27T16:11:14.124Z - GET /api/community/feed?filter=all
2025-11-27T16:11:17.521Z - GET /api/community/feed?filter=all&state=BIHAR
2025-11-27T16:11:17.529Z - GET /api/locations/districts/BIHAR
2025-11-27T16:15:03.556Z - GET /api/community/feed?filter=all
2025-11-27T16:15:03.571Z - GET /api/locations/states
2025-11-27T16:15:03.589Z - GET /api/locations/states
2025-11-27T16:15:03.762Z - GET /api/community/feed?filter=all
2025-11-27T16:15:08.043Z - GET /api/community/feed?filter=all&state=BIHAR
2025-11-27T16:15:08.046Z - GET /api/locations/districts/BIHAR
2025-11-27T16:15:15.444Z - GET /api/community/feed?filter=all
2025-11-27T16:15:45.091Z - GET /api/community/feed?filter=all&state=MAHARASHTRA
2025-11-27T16:15:45.093Z - GET /api/locations/districts/MAHARASHTRA
2025-11-27T16:15:49.893Z - GET /api/community/feed?filter=all&state=BIHAR
2025-11-27T16:15:49.903Z - GET /api/locations/districts/BIHAR
2025-11-27T16:15:58.261Z - GET /api/community/feed?filter=all
2025-11-27T16:16:21.221Z - GET /api/community/feed?filter=all
2025-11-27T16:16:21.226Z - GET /api/locations/states
2025-11-27T16:16:21.228Z - GET /api/locations/states
2025-11-27T16:16:21.372Z - GET /api/community/feed?filter=all
2025-11-27T16:16:26.143Z - GET /api/community/feed?filter=all&state=MAHARASHTRA
2025-11-27T16:16:26.146Z - GET /api/locations/districts/MAHARASHTRA
2025-11-27T16:17:49.498Z - GET /api/community/feed?filter=all
2025-11-27T16:17:49.509Z - GET /api/locations/states
2025-11-27T16:17:49.514Z - GET /api/locations/states
2025-11-27T16:17:49.665Z - GET /api/community/feed?filter=all
2025-11-27T16:17:59.699Z - GET /api/community/feed?filter=all&state=MAHARASHTRA
2025-11-27T16:17:59.702Z - GET /api/locations/districts/MAHARASHTRA
2025-11-27T16:20:47.934Z - GET /api/gamification/badges
2025-11-27T16:20:47.939Z - GET /api/gamification/stats
2025-11-27T16:20:47.940Z - GET /api/locations/states
2025-11-27T16:20:47.943Z - GET /api/locations/states
2025-11-27T16:20:48.025Z - GET /api/gamification/stats
2025-11-27T16:20:48.162Z - GET /api/gamification/badges
2025-11-27T16:20:48.179Z - GET /api/user/crops
2025-11-27T16:20:48.180Z - GET /api/locations/districts/BIHAR
2025-11-27T16:20:48.180Z - GET /api/locations/sub-districts/BIHAR/Nawada
2025-11-27T16:20:48.232Z - GET /api/user/crops
2025-11-27T16:20:48.246Z - GET /api/gamification/stats
2025-11-27T16:20:48.247Z - GET /api/locations/states
2025-11-27T16:20:48.296Z - GET /api/locations/states
2025-11-27T16:20:48.298Z - GET /api/gamification/stats
2025-11-27T16:20:48.328Z - GET /api/gamification/badges
2025-11-27T16:20:48.491Z - GET /api/gamification/badges
2025-11-27T16:21:11.161Z - POST /api/admin/login
2025-11-27T16:21:11.185Z - GET /api/admin/stats
2025-11-27T16:21:11.192Z - GET /api/admin/requests
2025-11-27T16:21:11.194Z - GET /api/admin/history
2025-11-27T16:21:11.263Z - GET /api/admin/requests
2025-11-27T16:21:11.267Z - GET /api/admin/history
2025-11-27T16:21:11.398Z - GET /api/admin/stats
2025-11-27T16:21:15.997Z - GET /api/admin/institutions
2025-11-27T16:21:16.044Z - GET /api/admin/institutions
2025-11-27T16:21:20.350Z - DELETE /api/admin/institutions/IJW1IL7jp6dQHKJp5d8h
2025-11-27T16:21:23.965Z - DELETE /api/admin/institutions/IJW1IL7jp6dQHKJp5d8h
2025-11-27T16:21:27.452Z - GET /api/admin/farmers
2025-11-27T16:21:27.511Z - GET /api/admin/farmers
2025-11-27T16:21:35.033Z - GET /api/admin/institutions
2025-11-27T16:21:35.107Z - GET /api/admin/institutions
2025-11-27T16:21:35.623Z - GET /api/admin/stats
2025-11-27T16:21:35.633Z - GET /api/admin/requests
2025-11-27T16:21:35.635Z - GET /api/admin/history
2025-11-27T16:21:35.697Z - GET /api/admin/history
2025-11-27T16:21:35.699Z - GET /api/admin/requests
2025-11-27T16:21:35.785Z - GET /api/admin/stats
2025-11-27T16:21:58.350Z - POST /api/auth/farmer/login
2025-11-27T16:21:58.654Z - GET /api/missions/daily
2025-11-27T16:21:58.663Z - GET /api/gamification/stats
2025-11-27T16:21:58.714Z - GET /api/gamification/stats
2025-11-27T16:22:06.686Z - GET /api/missions/daily
2025-11-27T16:22:28.504Z - GET /api/gamification/leaderboard?scope=global&value=
2025-11-27T16:22:28.570Z - GET /api/gamification/leaderboard?scope=global&value=
2025-11-27T16:22:29.796Z - GET /api/gamification/leaderboard?scope=state&value=MAHARASHTRA
2025-11-27T16:22:31.405Z - GET /api/gamification/leaderboard?scope=district&value=MAHARASHTRA
2025-11-27T16:22:31.409Z - GET /api/gamification/leaderboard?scope=district&value=Pune
2025-11-27T16:22:32.300Z - GET /api/gamification/leaderboard?scope=subDistrict&value=Pune%20City
2025-11-27T16:22:32.302Z - GET /api/gamification/leaderboard?scope=subDistrict&value=Pune
2025-11-27T16:22:33.554Z - GET /api/gamification/leaderboard?scope=village&value=Pune%20City
2025-11-27T16:22:38.484Z - GET /api/community/feed?filter=all
2025-11-27T16:22:38.485Z - GET /api/locations/states
2025-11-27T16:22:38.487Z - GET /api/locations/states
2025-11-27T16:22:38.602Z - GET /api/community/feed?filter=all
2025-11-27T16:22:55.287Z - GET /api/community/replies/FXY0mllUumpoR7lKLlRO
2025-11-27T16:22:56.142Z - POST /api/community/like/FXY0mllUumpoR7lKLlRO
2025-11-27T16:22:56.739Z - POST /api/community/like/FXY0mllUumpoR7lKLlRO
2025-11-27T16:23:08.711Z - GET /api/community/feed?filter=all&state=BIHAR
2025-11-27T16:23:08.712Z - GET /api/locations/districts/BIHAR
2025-11-27T16:23:16.671Z - GET /api/community/feed?filter=all
2025-11-27T16:23:16.674Z - GET /api/locations/states
2025-11-27T16:23:16.678Z - GET /api/locations/states
2025-11-27T16:23:16.796Z - GET /api/community/feed?filter=all
2025-11-27T16:24:02.702Z - GET /api/gamification/stats
2025-11-27T16:24:02.705Z - GET /api/locations/states
2025-11-27T16:24:02.706Z - GET /api/gamification/badges
2025-11-27T16:24:02.714Z - GET /api/locations/states
2025-11-27T16:24:02.776Z - GET /api/gamification/stats
2025-11-27T16:24:02.913Z - GET /api/gamification/badges
2025-11-27T16:24:02.956Z - GET /api/locations/districts/MAHARASHTRA
2025-11-27T16:24:02.958Z - GET /api/user/crops
2025-11-27T16:24:02.959Z - GET /api/locations/sub-districts/MAHARASHTRA/Pune
2025-11-27T16:24:03.014Z - GET /api/user/crops
2025-11-27T16:24:03.045Z - GET /api/gamification/stats
2025-11-27T16:24:03.048Z - GET /api/locations/states
2025-11-27T16:24:03.102Z - GET /api/gamification/stats
2025-11-27T16:24:03.104Z - GET /api/locations/states
2025-11-27T16:24:03.107Z - GET /api/gamification/badges
2025-11-27T16:24:03.253Z - GET /api/gamification/badges
2025-11-27T16:24:08.706Z - GET /api/locations/states
2025-11-27T16:24:08.708Z - GET /api/locations/states
2025-11-27T16:24:46.112Z - POST /api/auth/farmer/login
2025-11-27T16:24:46.275Z - GET /api/missions/daily
2025-11-27T16:24:46.286Z - GET /api/gamification/stats
2025-11-27T16:24:46.324Z - GET /api/gamification/stats
2025-11-27T16:24:54.549Z - GET /api/missions/daily
2025-11-27T16:25:13.959Z - GET /api/user/crops
2025-11-27T16:25:14.034Z - GET /api/user/crops
2025-11-27T16:25:59.597Z - GET /api/learning/categories
2025-11-27T16:25:59.602Z - GET /api/learning/recommendations
2025-11-27T16:25:59.691Z - GET /api/learning/categories
2025-11-27T16:26:00.089Z - GET /api/learning/recommendations
2025-11-27T16:26:01.897Z - GET /api/gamification/badges
2025-11-27T16:26:01.899Z - GET /api/locations/states
2025-11-27T16:26:01.900Z - GET /api/gamification/stats
2025-11-27T16:26:01.905Z - GET /api/locations/states
2025-11-27T16:26:01.989Z - GET /api/gamification/stats
2025-11-27T16:26:02.070Z - GET /api/gamification/badges
2025-11-27T16:26:02.109Z - GET /api/user/crops
2025-11-27T16:26:02.111Z - GET /api/locations/sub-districts/MAHARASHTRA/Pune
2025-11-27T16:26:02.111Z - GET /api/locations/districts/MAHARASHTRA
2025-11-27T16:26:02.150Z - GET /api/user/crops
2025-11-27T16:26:02.194Z - GET /api/locations/states
2025-11-27T16:26:02.198Z - GET /api/gamification/stats
2025-11-27T16:26:02.212Z - GET /api/gamification/badges
2025-11-27T16:26:02.252Z - GET /api/gamification/stats
2025-11-27T16:26:02.253Z - GET /api/locations/states
2025-11-27T16:26:02.378Z - GET /api/gamification/badges
2025-11-27T16:26:06.936Z - PUT /api/auth/profile
2025-11-27T16:26:07.047Z - GET /api/gamification/stats
2025-11-27T16:26:07.049Z - GET /api/gamification/badges
2025-11-27T16:26:07.051Z - GET /api/locations/states
2025-11-27T16:26:26.154Z - PUT /api/auth/profile
2025-11-27T16:26:26.309Z - GET /api/gamification/badges
2025-11-27T16:26:26.312Z - GET /api/gamification/stats
2025-11-27T16:26:26.313Z - GET /api/locations/states
2025-11-27T16:26:27.784Z - GET /api/locations/states
2025-11-27T16:26:27.786Z - GET /api/community/feed?filter=all
2025-11-27T16:26:27.787Z - GET /api/locations/states
2025-11-27T16:26:27.880Z - GET /api/community/feed?filter=all
2025-11-27T16:26:38.814Z - GET /api/gamification/leaderboard?scope=global&value=
2025-11-27T16:26:38.873Z - GET /api/gamification/leaderboard?scope=global&value=
2025-11-27T16:27:05.950Z - GET /api/community/feed?filter=all
2025-11-27T16:27:05.952Z - GET /api/locations/states
2025-11-27T16:27:05.955Z - GET /api/locations/states
2025-11-27T16:27:06.088Z - GET /api/community/feed?filter=all
2025-11-27T16:27:19.898Z - GET /api/community/feed?filter=all&state=BIHAR
2025-11-27T16:27:19.904Z - GET /api/locations/districts/BIHAR
2025-11-27T16:27:24.511Z - GET /api/community/feed?filter=institution&state=BIHAR
2025-11-27T16:27:27.101Z - GET /api/community/feed?filter=popular&state=BIHAR
2025-11-27T16:27:27.916Z - GET /api/community/feed?filter=all&state=BIHAR
2025-11-27T16:28:39.894Z - GET /api/community/feed?filter=institution&state=BIHAR
2025-11-27T16:28:42.926Z - GET /api/community/feed?filter=all&state=BIHAR
2025-11-27T16:28:48.407Z - GET /api/community/feed?filter=all
2025-11-27T16:29:00.678Z - GET /api/community/feed?filter=institution
2025-11-27T16:29:52.014Z - GET /api/gamification/badges
2025-11-27T16:29:52.023Z - GET /api/gamification/stats
2025-11-27T16:29:52.024Z - GET /api/locations/states
2025-11-27T16:29:52.034Z - GET /api/locations/states
2025-11-27T16:29:52.103Z - GET /api/gamification/stats
2025-11-27T16:29:52.200Z - GET /api/gamification/badges
2025-11-27T16:29:52.260Z - GET /api/locations/sub-districts/MAHARASHTRA/Pune
2025-11-27T16:29:52.261Z - GET /api/user/crops
2025-11-27T16:29:52.263Z - GET /api/locations/districts/MAHARASHTRA
2025-11-27T16:29:52.322Z - GET /api/user/crops
2025-11-27T16:29:52.353Z - GET /api/gamification/stats
2025-11-27T16:29:52.364Z - GET /api/locations/states
2025-11-27T16:29:52.379Z - GET /api/gamification/badges
2025-11-27T16:29:52.415Z - GET /api/gamification/stats
2025-11-27T16:29:52.417Z - GET /api/locations/states
2025-11-27T16:29:52.518Z - GET /api/gamification/badges
2025-11-27T16:30:15.661Z - POST /api/institutions/login
2025-11-27T16:30:15.695Z - GET /api/admin/farmers?
2025-11-27T16:30:15.698Z - GET /api/locations/states
2025-11-27T16:30:15.700Z - GET /api/admin/farmers?
2025-11-27T16:30:15.706Z - GET /api/locations/states
2025-11-27T16:30:15.718Z - GET /api/admin/farmers?
2025-11-27T16:30:15.729Z - GET /api/admin/farmers?
2025-11-27T16:30:15.731Z - GET /api/admin/farmers?
2025-11-27T16:30:15.738Z - GET /api/admin/farmers?
2025-11-27T16:30:15.741Z - GET /api/admin/farmers?
2025-11-27T16:30:15.743Z - GET /api/admin/farmers?
2025-11-27T16:30:37.219Z - GET /api/community/feed?filter=all
2025-11-27T16:30:37.359Z - GET /api/community/feed?filter=all
2025-11-27T16:30:39.710Z - GET /api/community/feed?filter=institution
2025-11-27T16:30:49.944Z - GET /api/locations/states
2025-11-27T16:30:49.946Z - GET /api/admin/farmers?
2025-11-27T16:30:49.949Z - GET /api/admin/farmers?
2025-11-27T16:30:49.950Z - GET /api/locations/states
2025-11-27T16:30:49.951Z - GET /api/admin/farmers?
2025-11-27T16:30:49.952Z - GET /api/admin/farmers?
2025-11-27T16:30:49.954Z - GET /api/admin/farmers?
2025-11-27T16:30:49.955Z - GET /api/admin/farmers?
2025-11-27T16:30:49.959Z - GET /api/admin/farmers?
2025-11-27T16:30:49.962Z - GET /api/admin/farmers?
2025-11-27T16:31:04.995Z - GET /api/community/feed?filter=all
2025-11-27T16:31:05.123Z - GET /api/community/feed?filter=all
2025-11-27T16:31:39.688Z - GET /api/admin/farmers?
2025-11-27T16:31:39.691Z - GET /api/locations/states
2025-11-27T16:31:39.692Z - GET /api/admin/farmers?
2025-11-27T16:31:39.694Z - GET /api/locations/states
2025-11-27T16:31:39.695Z - GET /api/admin/farmers?
2025-11-27T16:31:39.697Z - GET /api/admin/farmers?
2025-11-27T16:31:39.698Z - GET /api/admin/farmers?
2025-11-27T16:31:39.700Z - GET /api/admin/farmers?
2025-11-27T16:31:39.703Z - GET /api/admin/farmers?
2025-11-27T16:31:39.705Z - GET /api/admin/farmers?
2025-11-27T16:31:45.619Z - GET /api/community/feed?filter=all
2025-11-27T16:31:45.763Z - GET /api/community/feed?filter=all
2025-11-27T16:31:48.492Z - GET /api/community/feed?filter=institution
2025-11-27T16:33:52.536Z - GET /api/community/feed?filter=all
2025-11-27T16:33:52.683Z - GET /api/community/feed?filter=all
2025-11-27T16:33:55.494Z - GET /api/community/feed?filter=institution
2025-11-27T16:35:07.735Z - GET /api/admin/farmers?
2025-11-27T16:35:07.741Z - GET /api/admin/farmers?
2025-11-27T16:35:07.744Z - GET /api/locations/states
2025-11-27T16:35:07.746Z - GET /api/admin/farmers?
2025-11-27T16:35:07.747Z - GET /api/locations/states
2025-11-27T16:35:07.749Z - GET /api/admin/farmers?
2025-11-27T16:35:07.751Z - GET /api/admin/farmers?
2025-11-27T16:35:07.753Z - GET /api/admin/farmers?
2025-11-27T16:35:07.755Z - GET /api/admin/farmers?
2025-11-27T16:35:07.757Z - GET /api/admin/farmers?
2025-11-27T16:35:15.809Z - GET /api/locations/states
2025-11-27T16:35:15.812Z - GET /api/locations/states
2025-11-27T16:41:06.177Z - POST /api/institutions/login
2025-11-27T16:41:06.260Z - GET /api/admin/farmers?
2025-11-27T16:41:06.262Z - GET /api/admin/farmers?
2025-11-27T16:41:06.263Z - GET /api/locations/states
2025-11-27T16:41:06.264Z - GET /api/admin/farmers?
2025-11-27T16:41:06.266Z - GET /api/locations/states
2025-11-27T16:41:06.267Z - GET /api/admin/farmers?
2025-11-27T16:41:06.269Z - GET /api/admin/farmers?
2025-11-27T16:41:06.273Z - GET /api/admin/farmers?
2025-11-27T16:41:06.275Z - GET /api/admin/farmers?
2025-11-27T16:41:06.277Z - GET /api/admin/farmers?
2025-11-27T16:41:10.760Z - GET /api/community/feed?filter=all
2025-11-27T16:41:11.067Z - GET /api/community/feed?filter=all
2025-11-27T16:41:13.449Z - GET /api/community/feed?filter=institution
2025-11-27T16:43:29.174Z - GET /api/community/feed?filter=all
2025-11-27T16:43:29.338Z - GET /api/community/feed?filter=all
2025-11-27T16:43:31.860Z - GET /api/community/feed?filter=institution
2025-11-27T16:43:36.418Z - DELETE /api/community/post/FXY0mllUumpoR7lKLlRO
2025-11-27T16:43:39.967Z - DELETE /api/community/post/pfrwOpehFl1kXCTCxY3K
2025-11-27T16:45:48.399Z - GET /api/locations/states
2025-11-27T16:45:48.405Z - GET /api/admin/farmers?
2025-11-27T16:45:48.411Z - GET /api/admin/farmers?
2025-11-27T16:45:48.413Z - GET /api/locations/states
2025-11-27T16:45:48.413Z - GET /api/admin/farmers?
2025-11-27T16:45:48.414Z - GET /api/admin/farmers?
2025-11-27T16:45:48.415Z - GET /api/admin/farmers?
2025-11-27T16:45:48.417Z - GET /api/admin/farmers?
2025-11-27T16:45:48.418Z - GET /api/admin/farmers?
2025-11-27T16:45:48.424Z - GET /api/admin/farmers?
2025-11-27T16:46:05.478Z - POST /api/auth/farmer/login
2025-11-27T16:46:05.608Z - GET /api/missions/daily
2025-11-27T16:46:05.621Z - GET /api/gamification/stats
2025-11-27T16:46:05.678Z - GET /api/gamification/stats
2025-11-27T16:46:08.052Z - GET /api/community/feed?filter=all
2025-11-27T16:46:08.054Z - GET /api/locations/states
2025-11-27T16:46:08.056Z - GET /api/locations/states
2025-11-27T16:46:08.184Z - GET /api/community/feed?filter=all
2025-11-27T16:46:15.014Z - GET /api/missions/daily
2025-11-28T04:39:37.722Z - GET /api/missions/daily
2025-11-28T04:39:37.841Z - GET /api/gamification/stats
2025-11-28T04:39:39.292Z - GET /api/gamification/stats
2025-11-28T04:39:47.393Z - GET /api/missions/daily
2025-11-28T04:39:49.386Z - GET /api/gamification/leaderboard?scope=global&value=
2025-11-28T04:39:49.765Z - GET /api/gamification/leaderboard?scope=global&value=
2025-11-28T04:39:57.676Z - GET /api/gamification/stats
2025-11-28T04:39:57.687Z - GET /api/locations/states
2025-11-28T04:39:57.696Z - GET /api/gamification/badges
2025-11-28T04:39:57.710Z - GET /api/locations/states
2025-11-28T04:39:57.878Z - GET /api/gamification/stats
2025-11-28T04:39:58.452Z - GET /api/gamification/badges
2025-11-28T04:39:58.579Z - GET /api/user/crops
2025-11-28T04:39:58.766Z - GET /api/user/crops
2025-11-28T04:39:58.807Z - GET /api/gamification/stats
2025-11-28T04:39:58.814Z - GET /api/locations/states
2025-11-28T04:39:58.880Z - GET /api/gamification/badges
2025-11-28T04:39:58.920Z - GET /api/locations/states
2025-11-28T04:39:59.372Z - GET /api/gamification/stats
2025-11-28T04:39:59.579Z - GET /api/gamification/badges
2025-11-28T04:40:07.661Z - GET /api/behavior/timeline
2025-11-28T04:40:07.673Z - GET /api/behavior/report
2025-11-28T04:40:07.679Z - GET /api/behavior/timeline
2025-11-28T04:40:07.686Z - GET /api/behavior/report
2025-11-28T04:40:10.400Z - GET /api/user/crops
2025-11-28T04:40:10.722Z - GET /api/user/crops
2025-11-28T04:40:14.557Z - GET /api/gamification/badges
2025-11-28T04:40:14.566Z - GET /api/gamification/stats
2025-11-28T04:40:14.574Z - GET /api/locations/states
2025-11-28T04:40:14.586Z - GET /api/locations/states
2025-11-28T04:40:14.923Z - GET /api/gamification/stats
2025-11-28T04:40:15.747Z - GET /api/gamification/badges
2025-11-28T04:40:15.816Z - GET /api/user/crops
2025-11-28T04:40:15.986Z - GET /api/user/crops
2025-11-28T04:40:16.056Z - GET /api/gamification/stats
2025-11-28T04:40:16.063Z - GET /api/locations/states
2025-11-28T04:40:16.083Z - GET /api/gamification/badges
2025-11-28T04:40:16.172Z - GET /api/locations/states
2025-11-28T04:40:16.557Z - GET /api/gamification/stats
2025-11-28T04:40:16.967Z - GET /api/gamification/badges
2025-11-28T04:40:29.481Z - GET /api/locations/districts/MAHARASHTRA
2025-11-28T04:40:34.603Z - GET /api/locations/sub-districts/MAHARASHTRA/Pune
2025-11-28T04:40:44.071Z - GET /api/gamification/leaderboard?scope=global&value=
2025-11-28T04:40:44.318Z - GET /api/gamification/leaderboard?scope=global&value=
2025-11-28T04:45:08.298Z - GET /api/gamification/badges
2025-11-28T04:45:08.307Z - GET /api/gamification/stats
2025-11-28T04:45:08.319Z - GET /api/locations/states
2025-11-28T04:45:08.325Z - GET /api/locations/states
2025-11-28T04:45:08.973Z - GET /api/gamification/stats
2025-11-28T04:45:09.528Z - GET /api/gamification/badges
2025-11-28T04:45:09.610Z - GET /api/user/crops
2025-11-28T04:45:09.747Z - GET /api/user/crops
2025-11-28T04:45:09.806Z - GET /api/gamification/stats
2025-11-28T04:45:09.815Z - GET /api/locations/states
2025-11-28T04:45:09.891Z - GET /api/locations/states
2025-11-28T04:45:09.969Z - GET /api/gamification/stats
2025-11-28T04:45:09.980Z - GET /api/gamification/badges
2025-11-28T04:45:10.309Z - GET /api/gamification/badges
2025-11-28T04:51:25.850Z - GET /api/gamification/leaderboard?scope=global&value=
2025-11-28T04:51:28.214Z - GET /api/gamification/leaderboard?scope=global&value=
2025-11-28T04:51:31.124Z - GET /api/gamification/leaderboard?scope=global&value=
2025-11-28T04:52:04.320Z - GET /api/gamification/badges
2025-11-28T04:52:04.796Z - GET /api/gamification/badges
2025-11-28T04:52:24.921Z - GET /api/gamification/badges
2025-11-28T04:52:25.857Z - GET /api/gamification/badges
2025-11-28T04:53:39.738Z - GET /api/gamification/badges
2025-11-28T04:53:39.761Z - GET /api/gamification/stats
2025-11-28T04:53:39.770Z - GET /api/locations/states
2025-11-28T04:53:39.779Z - GET /api/locations/states
2025-11-28T04:53:40.195Z - GET /api/gamification/stats
2025-11-28T04:53:40.641Z - GET /api/gamification/badges
2025-11-28T04:53:40.728Z - GET /api/user/crops
2025-11-28T04:53:40.825Z - GET /api/user/crops
2025-11-28T04:53:40.894Z - GET /api/gamification/stats
2025-11-28T04:53:40.904Z - GET /api/locations/states
2025-11-28T04:53:40.931Z - GET /api/gamification/badges
2025-11-28T04:53:41.003Z - GET /api/locations/states
2025-11-28T04:53:41.022Z - GET /api/gamification/stats
2025-11-28T04:53:41.230Z - GET /api/gamification/badges
2025-11-28T06:08:04.214Z - POST /api/auth/farmer/login
2025-11-28T06:08:06.120Z - GET /api/missions/daily
2025-11-28T06:08:06.148Z - GET /api/gamification/stats
2025-11-28T06:08:06.323Z - GET /api/gamification/stats
2025-11-28T06:08:13.246Z - GET /api/gamification/badges
2025-11-28T06:08:13.251Z - GET /api/gamification/stats
2025-11-28T06:08:13.260Z - GET /api/locations/states
2025-11-28T06:08:13.270Z - GET /api/locations/states
2025-11-28T06:08:13.449Z - GET /api/gamification/stats
2025-11-28T06:08:14.209Z - GET /api/gamification/badges
2025-11-28T06:08:14.307Z - GET /api/user/crops
2025-11-28T06:08:14.313Z - GET /api/locations/districts/MAHARASHTRA
2025-11-28T06:08:14.316Z - GET /api/locations/sub-districts/MAHARASHTRA/Pune
2025-11-28T06:08:14.546Z - GET /api/user/crops
2025-11-28T06:08:14.589Z - GET /api/gamification/stats
2025-11-28T06:08:14.593Z - GET /api/locations/states
2025-11-28T06:08:14.777Z - GET /api/gamification/stats
2025-11-28T06:08:14.780Z - GET /api/locations/states
2025-11-28T06:08:14.891Z - GET /api/gamification/badges
2025-11-28T06:08:15.318Z - GET /api/missions/daily
2025-11-28T06:08:15.403Z - GET /api/gamification/badges
2025-11-28T06:08:18.262Z - GET /api/community/feed?filter=all
2025-11-28T06:08:18.273Z - GET /api/locations/states
2025-11-28T06:08:18.278Z - GET /api/locations/states
2025-11-28T06:08:18.566Z - GET /api/community/feed?filter=all
2025-11-28T06:08:20.501Z - GET /api/learning/categories
2025-11-28T06:08:20.509Z - GET /api/learning/recommendations
2025-11-28T06:08:20.804Z - GET /api/learning/categories
2025-11-28T06:08:21.166Z - GET /api/learning/recommendations
2025-11-28T06:08:23.520Z - GET /api/gamification/leaderboard?scope=global&value=
2025-11-28T06:08:23.747Z - GET /api/gamification/leaderboard?scope=global&value=
2025-11-28T06:08:25.384Z - GET /api/gamification/badges
2025-11-28T06:08:25.858Z - GET /api/gamification/badges
2025-11-28T07:05:25.833Z - POST /api/auth/farmer/login
2025-11-28T07:05:29.740Z - GET /api/gamification/stats
2025-11-28T07:05:29.750Z - GET /api/missions/daily
2025-11-28T07:05:29.918Z - GET /api/gamification/stats
2025-11-28T07:05:39.066Z - GET /api/missions/daily
